  ecc.c
c:\users\조재훈\easy-ecc\ecc.c(553): warning C4244: '=': 'uint64_t'에서 'int'(으)로 변환하면서 데이터가 손실될 수 있습니다.
c:\users\조재훈\easy-ecc\ecc.c(554): warning C4244: '+=': 'uint64_t'에서 'int'(으)로 변환하면서 데이터가 손실될 수 있습니다.
c:\users\조재훈\easy-ecc\ecc.c(560): warning C4244: '+=': 'uint64_t'에서 'int'(으)로 변환하면서 데이터가 손실될 수 있습니다.
c:\users\조재훈\easy-ecc\ecc.c(561): warning C4244: '+=': 'uint64_t'에서 'int'(으)로 변환하면서 데이터가 손실될 수 있습니다.
c:\users\조재훈\easy-ecc\ecc.c(568): warning C4244: '+=': 'uint64_t'에서 'int'(으)로 변환하면서 데이터가 손실될 수 있습니다.
c:\users\조재훈\easy-ecc\ecc.c(575): warning C4244: '+=': 'uint64_t'에서 'int'(으)로 변환하면서 데이터가 손실될 수 있습니다.
c:\users\조재훈\easy-ecc\ecc.c(582): warning C4244: '-=': 'uint64_t'에서 'int'(으)로 변환하면서 데이터가 손실될 수 있습니다.
c:\users\조재훈\easy-ecc\ecc.c(589): warning C4244: '-=': 'uint64_t'에서 'int'(으)로 변환하면서 데이터가 손실될 수 있습니다.
c:\users\조재훈\easy-ecc\ecc.c(596): warning C4244: '-=': 'uint64_t'에서 'int'(으)로 변환하면서 데이터가 손실될 수 있습니다.
c:\users\조재훈\easy-ecc\ecc.c(603): warning C4244: '-=': 'uint64_t'에서 'int'(으)로 변환하면서 데이터가 손실될 수 있습니다.
c:\users\조재훈\easy-ecc\ecc.c(609): warning C4244: '+=': 'uint64_t'에서 'int'(으)로 변환하면서 데이터가 손실될 수 있습니다.
c:\users\조재훈\easy-ecc\ecc.c(616): warning C4244: '-=': 'uint64_t'에서 'int'(으)로 변환하면서 데이터가 손실될 수 있습니다.
c:\users\조재훈\easy-ecc\ecc.c(1015): warning C4244: '=': 'const uint64_t'에서 'uint8_t'(으)로 변환하면서 데이터가 손실될 수 있습니다.
c:\users\조재훈\easy-ecc\ecc.c(1016): warning C4244: '=': 'const uint64_t'에서 'uint8_t'(으)로 변환하면서 데이터가 손실될 수 있습니다.
c:\users\조재훈\easy-ecc\ecc.c(1017): warning C4244: '=': 'const uint64_t'에서 'uint8_t'(으)로 변환하면서 데이터가 손실될 수 있습니다.
c:\users\조재훈\easy-ecc\ecc.c(1018): warning C4244: '=': 'const uint64_t'에서 'uint8_t'(으)로 변환하면서 데이터가 손실될 수 있습니다.
c:\users\조재훈\easy-ecc\ecc.c(1019): warning C4244: '=': 'const uint64_t'에서 'uint8_t'(으)로 변환하면서 데이터가 손실될 수 있습니다.
c:\users\조재훈\easy-ecc\ecc.c(1020): warning C4244: '=': 'const uint64_t'에서 'uint8_t'(으)로 변환하면서 데이터가 손실될 수 있습니다.
c:\users\조재훈\easy-ecc\ecc.c(1021): warning C4244: '=': 'const uint64_t'에서 'uint8_t'(으)로 변환하면서 데이터가 손실될 수 있습니다.
c:\users\조재훈\easy-ecc\ecc.c(1316): warning C4090: '함수': 'const' 한정자가 서로 다릅니다.
c:\users\조재훈\easy-ecc\ecc.c(1317): warning C4090: '함수': 'const' 한정자가 서로 다릅니다.
c:\users\조재훈\easy-ecc\ecc.c(1318): warning C4090: '함수': 'const' 한정자가 서로 다릅니다.
c:\users\조재훈\easy-ecc\ecc.c(1319): warning C4090: '함수': 'const' 한정자가 서로 다릅니다.
c:\users\조재훈\easy-ecc\ecc.c(1320): warning C4090: '함수': 'const' 한정자가 서로 다릅니다.
c:\users\조재훈\easy-ecc\ecc.c(1322): warning C4090: '함수': 'const' 한정자가 서로 다릅니다.
c:\users\조재훈\easy-ecc\ecc.c(1324): warning C4090: '함수': 'const' 한정자가 서로 다릅니다.
c:\users\조재훈\easy-ecc\ecc.c(1326): warning C4090: '함수': 'const' 한정자가 서로 다릅니다.
c:\users\조재훈\easy-ecc\ecc.c(1328): warning C4090: '함수': 'const' 한정자가 서로 다릅니다.
c:\users\조재훈\easy-ecc\ecc.c(1330): warning C4090: '함수': 'const' 한정자가 서로 다릅니다.
c:\users\조재훈\easy-ecc\ecc.c(1332): warning C4090: '함수': 'const' 한정자가 서로 다릅니다.
c:\users\조재훈\easy-ecc\ecc.c(1334): warning C4090: '함수': 'const' 한정자가 서로 다릅니다.
c:\users\조재훈\easy-ecc\ecc.c(1336): warning C4090: '함수': 'const' 한정자가 서로 다릅니다.
  암호경진.vcxproj -> C:\Users\조재훈\Source\Repos\암호경진\Debug\암호경진.exe
